[ 2026-01-19 11:14:26,377 ] 42 root - INFO - Start data Ingestion
[ 2026-01-19 11:14:28,707 ] 65 root - INFO - Performed train test split on the dataframe
[ 2026-01-19 11:14:28,707 ] 67 root - INFO - Exited split_data_as_train_test method of Data_Ingestion class
[ 2026-01-19 11:14:28,707 ] 75 root - INFO - Exporting train and test file path.
[ 2026-01-19 11:14:28,795 ] 84 root - INFO - Exported train and test file path.
[ 2026-01-19 11:14:28,796 ] 45 root - INFO - Data Ingestion completed and artifact: DataIngestionArtifact(trained_file_path='Artifacts\\01_19_2026_11_13_40\\data_ingestion\\ingested\\train.csv', test_file_path='Artifacts\\01_19_2026_11_13_40\\data_ingestion\\ingested\\test.csv')
[ 2026-01-19 11:14:28,816 ] 55 root - INFO - Initiate the data Validation
[ 2026-01-19 11:14:28,963 ] 32 root - INFO - Required number of columns:2
[ 2026-01-19 11:14:28,963 ] 33 root - INFO - Data frame has columns:31
[ 2026-01-19 11:14:28,963 ] 32 root - INFO - Required number of columns:2
[ 2026-01-19 11:14:28,963 ] 33 root - INFO - Data frame has columns:31
[ 2026-01-19 11:14:29,151 ] 63 root - INFO - Entered initiate_data_transformation method of DataTransformation class
[ 2026-01-19 11:14:29,151 ] 65 root - INFO - Starting data transformation
[ 2026-01-19 11:14:29,192 ] 48 root - INFO - Entered get_data_trnasformer_object method of Trnasformation class
[ 2026-01-19 11:14:29,192 ] 53 root - INFO - Initialise KNNImputer with {'missing_values': nan, 'n_neighbors': 3, 'weights': 'uniform'}
[ 2026-01-19 11:14:29,216 ] 46 root - INFO - Entered the save_object method of MainUtils class
[ 2026-01-19 11:14:29,220 ] 50 root - INFO - Exited the save_object method of MainUtils class
[ 2026-01-19 11:14:29,220 ] 46 root - INFO - Entered the save_object method of MainUtils class
[ 2026-01-19 11:14:29,223 ] 50 root - INFO - Exited the save_object method of MainUtils class
[ 2026-01-19 11:18:19,703 ] 46 root - INFO - Entered the save_object method of MainUtils class
[ 2026-01-19 11:18:19,703 ] 50 root - INFO - Exited the save_object method of MainUtils class
[ 2026-01-19 11:18:19,703 ] 46 root - INFO - Entered the save_object method of MainUtils class
[ 2026-01-19 11:18:19,735 ] 50 root - INFO - Exited the save_object method of MainUtils class
[ 2026-01-19 11:18:19,735 ] 151 root - INFO - Model trainer artifact: ModelTrainerArtifact(trained_model_file_path='Artifacts\\01_19_2026_11_13_40\\model_trainer\\trained_model\\model.pkl', train_metric_artifact=ClassificationMetricArtifact(f1_score=0.9911916573858459, precision_score=0.9882899252977994, recall_score=0.9941104792851341), test_metric_artifact=ClassificationMetricArtifact(f1_score=0.9765751211631664, precision_score=0.9726468222043443, recall_score=0.9805352798053528))
