[ 2026-01-19 00:13:54,721 ] 42 root - INFO - Start data Ingestion
[ 2026-01-19 00:13:57,189 ] 65 root - INFO - Performed train test split on the dataframe
[ 2026-01-19 00:13:57,189 ] 67 root - INFO - Exited split_data_as_train_test method of Data_Ingestion class
[ 2026-01-19 00:13:57,189 ] 75 root - INFO - Exporting train and test file path.
[ 2026-01-19 00:13:57,285 ] 84 root - INFO - Exported train and test file path.
[ 2026-01-19 00:13:57,285 ] 45 root - INFO - Data Ingestion completed and artifact: DataIngestionArtifact(trained_file_path='Artifacts\\01_19_2026_00_13_22\\data_ingestion\\ingested\\train.csv', test_file_path='Artifacts\\01_19_2026_00_13_22\\data_ingestion\\ingested\\test.csv')
[ 2026-01-19 00:13:57,336 ] 55 root - INFO - Initiate the data Validation
[ 2026-01-19 00:13:57,457 ] 32 root - INFO - Required number of columns:2
[ 2026-01-19 00:13:57,457 ] 33 root - INFO - Data frame has columns:31
[ 2026-01-19 00:13:57,457 ] 32 root - INFO - Required number of columns:2
[ 2026-01-19 00:13:57,457 ] 33 root - INFO - Data frame has columns:31
[ 2026-01-19 00:13:57,572 ] 63 root - INFO - Entered initiate_data_transformation method of DataTransformation class
[ 2026-01-19 00:13:57,572 ] 65 root - INFO - Starting data transformation
[ 2026-01-19 00:13:57,601 ] 48 root - INFO - Entered get_data_trnasformer_object method of Trnasformation class
[ 2026-01-19 00:13:57,601 ] 53 root - INFO - Initialise KNNImputer with {'missing_values': nan, 'n_neighbors': 3, 'weights': 'uniform'}
[ 2026-01-19 00:13:57,616 ] 46 root - INFO - Entered the save_object method of MainUtils class
[ 2026-01-19 00:13:57,618 ] 50 root - INFO - Exited the save_object method of MainUtils class
[ 2026-01-19 00:13:57,618 ] 46 root - INFO - Entered the save_object method of MainUtils class
[ 2026-01-19 00:13:57,619 ] 50 root - INFO - Exited the save_object method of MainUtils class
[ 2026-01-19 00:16:34,786 ] 46 root - INFO - Entered the save_object method of MainUtils class
[ 2026-01-19 00:16:34,786 ] 50 root - INFO - Exited the save_object method of MainUtils class
[ 2026-01-19 00:16:34,786 ] 46 root - INFO - Entered the save_object method of MainUtils class
[ 2026-01-19 00:16:34,817 ] 50 root - INFO - Exited the save_object method of MainUtils class
[ 2026-01-19 00:16:34,817 ] 151 root - INFO - Model trainer artifact: ModelTrainerArtifact(trained_model_file_path='Artifacts\\01_19_2026_00_13_22\\model_trainer\\trained_model\\model.pkl', train_metric_artifact=ClassificationMetricArtifact(f1_score=0.9907126993741167, precision_score=0.9887165021156559, recall_score=0.9927169734978758), test_metric_artifact=ClassificationMetricArtifact(f1_score=0.9742541888026155, precision_score=0.9667477696674777, recall_score=0.9818780889621087))
