[ 2026-01-21 15:08:54,905 ] 42 root - INFO - Start data Ingestion
[ 2026-01-21 15:08:57,704 ] 65 root - INFO - Performed train test split on the dataframe
[ 2026-01-21 15:08:57,704 ] 67 root - INFO - Exited split_data_as_train_test method of Data_Ingestion class
[ 2026-01-21 15:08:57,704 ] 75 root - INFO - Exporting train and test file path.
[ 2026-01-21 15:08:57,753 ] 84 root - INFO - Exported train and test file path.
[ 2026-01-21 15:08:57,754 ] 45 root - INFO - Data Ingestion completed and artifact: DataIngestionArtifact(trained_file_path='Artifacts\\01_21_2026_15_08_40\\data_ingestion\\ingested\\train.csv', test_file_path='Artifacts\\01_21_2026_15_08_40\\data_ingestion\\ingested\\test.csv')
[ 2026-01-21 15:08:57,771 ] 55 root - INFO - Initiate the data Validation
[ 2026-01-21 15:08:57,915 ] 32 root - INFO - Required number of columns:2
[ 2026-01-21 15:08:57,915 ] 33 root - INFO - Data frame has columns:31
[ 2026-01-21 15:08:57,915 ] 32 root - INFO - Required number of columns:2
[ 2026-01-21 15:08:57,915 ] 33 root - INFO - Data frame has columns:31
[ 2026-01-21 15:08:58,055 ] 63 root - INFO - Entered initiate_data_transformation method of DataTransformation class
[ 2026-01-21 15:08:58,055 ] 65 root - INFO - Starting data transformation
[ 2026-01-21 15:08:58,071 ] 48 root - INFO - Entered get_data_trnasformer_object method of Trnasformation class
[ 2026-01-21 15:08:58,071 ] 53 root - INFO - Initialise KNNImputer with {'missing_values': nan, 'n_neighbors': 3, 'weights': 'uniform'}
[ 2026-01-21 15:08:58,071 ] 46 root - INFO - Entered the save_object method of MainUtils class
[ 2026-01-21 15:08:58,088 ] 50 root - INFO - Exited the save_object method of MainUtils class
[ 2026-01-21 15:08:58,088 ] 46 root - INFO - Entered the save_object method of MainUtils class
[ 2026-01-21 15:08:58,088 ] 50 root - INFO - Exited the save_object method of MainUtils class
[ 2026-01-21 15:12:01,420 ] 46 root - INFO - Entered the save_object method of MainUtils class
[ 2026-01-21 15:12:01,420 ] 50 root - INFO - Exited the save_object method of MainUtils class
[ 2026-01-21 15:12:01,420 ] 46 root - INFO - Entered the save_object method of MainUtils class
[ 2026-01-21 15:12:01,446 ] 50 root - INFO - Exited the save_object method of MainUtils class
[ 2026-01-21 15:12:01,446 ] 151 root - INFO - Model trainer artifact: ModelTrainerArtifact(trained_model_file_path='Artifacts\\01_21_2026_15_08_40\\model_trainer\\trained_model\\model.pkl', train_metric_artifact=ClassificationMetricArtifact(f1_score=0.9918090807968449, precision_score=0.9895076674737692, recall_score=0.9941212244070545), test_metric_artifact=ClassificationMetricArtifact(f1_score=0.9720308066477503, precision_score=0.9646017699115044, recall_score=0.9795751633986928))
