[ 2026-01-19 12:58:19,422 ] 42 root - INFO - Start data Ingestion
[ 2026-01-19 12:58:26,995 ] 65 root - INFO - Performed train test split on the dataframe
[ 2026-01-19 12:58:26,995 ] 67 root - INFO - Exited split_data_as_train_test method of Data_Ingestion class
[ 2026-01-19 12:58:26,995 ] 75 root - INFO - Exporting train and test file path.
[ 2026-01-19 12:58:27,061 ] 84 root - INFO - Exported train and test file path.
[ 2026-01-19 12:58:27,065 ] 45 root - INFO - Data Ingestion completed and artifact: DataIngestionArtifact(trained_file_path='Artifacts\\01_19_2026_12_57_56\\data_ingestion\\ingested\\train.csv', test_file_path='Artifacts\\01_19_2026_12_57_56\\data_ingestion\\ingested\\test.csv')
[ 2026-01-19 12:58:27,099 ] 55 root - INFO - Initiate the data Validation
[ 2026-01-19 12:58:27,211 ] 32 root - INFO - Required number of columns:2
[ 2026-01-19 12:58:27,211 ] 33 root - INFO - Data frame has columns:31
[ 2026-01-19 12:58:27,211 ] 32 root - INFO - Required number of columns:2
[ 2026-01-19 12:58:27,211 ] 33 root - INFO - Data frame has columns:31
[ 2026-01-19 12:58:27,316 ] 63 root - INFO - Entered initiate_data_transformation method of DataTransformation class
[ 2026-01-19 12:58:27,316 ] 65 root - INFO - Starting data transformation
[ 2026-01-19 12:58:27,328 ] 48 root - INFO - Entered get_data_trnasformer_object method of Trnasformation class
[ 2026-01-19 12:58:27,328 ] 53 root - INFO - Initialise KNNImputer with {'missing_values': nan, 'n_neighbors': 3, 'weights': 'uniform'}
[ 2026-01-19 12:58:27,345 ] 46 root - INFO - Entered the save_object method of MainUtils class
[ 2026-01-19 12:58:27,345 ] 50 root - INFO - Exited the save_object method of MainUtils class
[ 2026-01-19 12:58:27,345 ] 46 root - INFO - Entered the save_object method of MainUtils class
[ 2026-01-19 12:58:27,345 ] 50 root - INFO - Exited the save_object method of MainUtils class
[ 2026-01-19 13:01:41,952 ] 46 root - INFO - Entered the save_object method of MainUtils class
[ 2026-01-19 13:01:41,952 ] 50 root - INFO - Exited the save_object method of MainUtils class
[ 2026-01-19 13:01:41,952 ] 46 root - INFO - Entered the save_object method of MainUtils class
[ 2026-01-19 13:01:42,051 ] 50 root - INFO - Exited the save_object method of MainUtils class
[ 2026-01-19 13:01:42,051 ] 151 root - INFO - Model trainer artifact: ModelTrainerArtifact(trained_model_file_path='Artifacts\\01_19_2026_12_57_56\\model_trainer\\trained_model\\model.pkl', train_metric_artifact=ClassificationMetricArtifact(f1_score=0.9917708015848826, precision_score=0.9908647990255786, recall_score=0.9926784624771202), test_metric_artifact=ClassificationMetricArtifact(f1_score=0.9718649517684887, precision_score=0.96875, recall_score=0.975))
